#
# A fatal error has been detected by the Java Runtime Environment:
#
#  EXCEPTION_ACCESS_VIOLATION (0xc0000005) at pc=0x00007ffeee0e2db3, pid=7092, tid=0x0000000000000a48
#
# JRE version: Java(TM) SE Runtime Environment (8.0_191-b12) (build 1.8.0_191-b12)
# Java VM: Java HotSpot(TM) 64-Bit Server VM (25.191-b12 mixed mode windows-amd64 compressed oops)
# Problematic frame:
# C  [gurobi81.dll+0x542db3]
#
# Failed to write core dump. Minidumps are not enabled by default on client versions of Windows
#
# If you would like to submit a bug report, please visit:
#   http://bugreport.java.com/bugreport/crash.jsp
# The crash happened outside the Java Virtual Machine in native code.
# See problematic frame for where to report the bug.
#

---------------  T H R E A D  ---------------

Current thread (0x000000000105e800):  JavaThread "main" [_thread_in_native, id=2632, stack(0x0000000002840000,0x0000000002940000)]

siginfo: ExceptionCode=0xc0000005, reading address 0x0000000000000954

Registers:
RAX=0x0000000000000021, RBX=0x0000000000000948, RCX=0x0000000000000000, RDX=0x0000000000bf2f80
RSP=0x000000000293f1e0, RBP=0x0000000000000000, RSI=0x000000000293f288, RDI=0x0000000000bc4020
R8 =0x0000000000bbe650, R9 =0x000000000293efd8, R10=0x000000002b2d3167, R11=0x000000000293ef50
R12=0x0000000000000000, R13=0x00000000029502a0, R14=0x000000000293f280, R15=0x000000000293f284
RIP=0x00007ffeee0e2db3, EFLAGS=0x0000000000010202

Top of Stack: (sp=0x000000000293f1e0)
0x000000000293f1e0:   0000000000000007 000000000105e9f8
0x000000000293f1f0:   000000000105e800 0000000000000000
0x000000000293f200:   00000000029503c0 00000000529617b1
0x000000000293f210:   000000000293f330 0000000000bc4020
0x000000000293f220:   00000000029502a0 000000000105e9f8
0x000000000293f230:   00000000d81ce748 0000000000001b47
0x000000000293f240:   000000000293f2f0 00007fff58a31068
0x000000000293f250:   000000000293f330 00000000d81ce748
0x000000000293f260:   0000000000000000 000000000293f2f0
0x000000000293f270:   000000000293f288 8000000000000000
0x000000000293f280:   ffffffffffffffff 00000000ffffffff
0x000000000293f290:   0000000002be99d4 000000000105e800
0x000000000293f2a0:   000000000293f318 0000000002be99d4
0x000000000293f2b0:   00000000d7fb8000 0000000002bd2a34
0x000000000293f2c0:   00000000d7fdc900 00000000d7fdc900
0x000000000293f2d0:   0000000000001b46 0000000000000000 

Instructions: (pc=0x00007ffeee0e2db3)
0x00007ffeee0e2d93:   4b 48 8b 97 50 02 00 00 85 ed 48 63 c0 48 8b 4a
0x00007ffeee0e2da3:   10 48 8d 1c c0 48 8d 1c d9 75 20 4d 85 f6 74 06
0x00007ffeee0e2db3:   8b 53 0c 41 89 16 4d 85 ff 74 06 8b 53 10 41 89
0x00007ffeee0e2dc3:   17 48 85 f6 74 05 8b 53 14 89 16 89 e8 48 83 c4 


Register to memory mapping:

RAX=0x0000000000000021 is an unknown value
RBX=0x0000000000000948 is an unknown value
RCX=0x0000000000000000 is an unknown value
RDX=0x0000000000bf2f80 is an unknown value
RSP=0x000000000293f1e0 is pointing into the stack for thread: 0x000000000105e800
RBP=0x0000000000000000 is an unknown value
RSI=0x000000000293f288 is pointing into the stack for thread: 0x000000000105e800
RDI=0x0000000000bc4020 is an unknown value
R8 =0x0000000000bbe650 is an unknown value
R9 =0x000000000293efd8 is pointing into the stack for thread: 0x000000000105e800
R10=0x000000002b2d3167 is an unknown value
R11=0x000000000293ef50 is pointing into the stack for thread: 0x000000000105e800
R12=0x0000000000000000 is an unknown value
R13=0x00000000029502a0 is an unknown value
R14=0x000000000293f280 is pointing into the stack for thread: 0x000000000105e800
R15=0x000000000293f284 is pointing into the stack for thread: 0x000000000105e800


Stack: [0x0000000002840000,0x0000000002940000],  sp=0x000000000293f1e0,  free space=1020k
Native frames: (J=compiled Java code, j=interpreted, Vv=VM code, C=native code)

Java frames: (J=compiled Java code, j=interpreted, Vv=VM code)
J 180  gurobi.GurobiJni.getattrinfo(JLjava/lang/String;[I)I (0 bytes) @ 0x0000000002bd29ae [0x0000000002bd2940+0x6e]
J 239 C2 gurobi.GRBVar.get(Lgurobi/GRB$StringAttr;)Ljava/lang/String; (105 bytes) @ 0x0000000002c0ec8c [0x0000000002c0ebc0+0xcc]
J 115% C1 Estructuras.Model.main([Ljava/lang/String;)V (974 bytes) @ 0x0000000002b9c6c4 [0x0000000002b96460+0x6264]
v  ~StubRoutines::call_stub

---------------  P R O C E S S  ---------------

Java Threads: ( => current thread )
  0x0000000019972000 JavaThread "Service Thread" daemon [_thread_blocked, id=1104, stack(0x000000001a4b0000,0x000000001a5b0000)]
  0x00000000198ec000 JavaThread "C1 CompilerThread3" daemon [_thread_blocked, id=12468, stack(0x000000001a3b0000,0x000000001a4b0000)]
  0x00000000198e5000 JavaThread "C2 CompilerThread2" daemon [_thread_in_native, id=2356, stack(0x000000001a2b0000,0x000000001a3b0000)]
  0x00000000198dd800 JavaThread "C2 CompilerThread1" daemon [_thread_blocked, id=10720, stack(0x000000001a1b0000,0x000000001a2b0000)]
  0x00000000198da800 JavaThread "C2 CompilerThread0" daemon [_thread_blocked, id=4164, stack(0x000000001a0b0000,0x000000001a1b0000)]
  0x00000000198d8000 JavaThread "Attach Listener" daemon [_thread_blocked, id=7100, stack(0x0000000019fb0000,0x000000001a0b0000)]
  0x00000000179ce000 JavaThread "Signal Dispatcher" daemon [_thread_blocked, id=712, stack(0x0000000019eb0000,0x0000000019fb0000)]
  0x00000000198d0800 JavaThread "Finalizer" daemon [_thread_blocked, id=7144, stack(0x0000000019cb0000,0x0000000019db0000)]
  0x0000000002a39000 JavaThread "Reference Handler" daemon [_thread_blocked, id=4668, stack(0x00000000197b0000,0x00000000198b0000)]
=>0x000000000105e800 JavaThread "main" [_thread_in_native, id=2632, stack(0x0000000002840000,0x0000000002940000)]

Other Threads:
  0x00000000179b9800 VMThread [stack: 0x00000000196b0000,0x00000000197b0000] [id=1120]
  0x0000000019995800 WatcherThread [stack: 0x000000001a5b0000,0x000000001a6b0000] [id=10876]

VM state:not at safepoint (normal execution)

VM Mutex/Monitor currently owned by a thread: None

Heap:
 PSYoungGen      total 38400K, used 4186K [0x00000000d5f00000, 0x00000000d8980000, 0x0000000100000000)
  eden space 33280K, 3% used [0x00000000d5f00000,0x00000000d604b1f0,0x00000000d7f80000)
  from space 5120K, 55% used [0x00000000d7f80000,0x00000000d824b980,0x00000000d8480000)
  to   space 5120K, 0% used [0x00000000d8480000,0x00000000d8480000,0x00000000d8980000)
 ParOldGen       total 87552K, used 8K [0x0000000081c00000, 0x0000000087180000, 0x00000000d5f00000)
  object space 87552K, 0% used [0x0000000081c00000,0x0000000081c02000,0x0000000087180000)
 Metaspace       used 3100K, capacity 4852K, committed 5120K, reserved 1056768K
  class space    used 319K, capacity 420K, committed 512K, reserved 1048576K

Card table byte_map: [0x0000000011e00000,0x0000000012200000] byte_map_base: 0x00000000119f2000

Marking Bits: (ParMarkBitMap*) 0x0000000053043e30
 Begin Bits: [0x0000000012cb0000, 0x0000000014c40000)
 End Bits:   [0x0000000014c40000, 0x0000000016bd0000)

Polling page: 0x0000000000fa0000

CodeCache: size=245760Kb used=1863Kb max_used=1877Kb free=243896Kb
 bounds [0x0000000002a40000, 0x0000000002cb0000, 0x0000000011a40000]
 total_blobs=532 nmethods=241 adapters=204
 compilation: enabled

Compilation events (10 events):
Event: 1.253 Thread 0x00000000198ec000  238   !   3       sun.nio.cs.StreamEncoder::write (78 bytes)
Event: 1.254 Thread 0x00000000198ec000 nmethod 238 0x0000000002c13a50 code [0x0000000002c13c20, 0x0000000002c14308]
Event: 1.254 Thread 0x00000000198da800  239       4       gurobi.GRBVar::get (105 bytes)
Event: 1.256 Thread 0x00000000198dd800 nmethod 237 0x0000000002c14790 code [0x0000000002c14900, 0x0000000002c14ef8]
Event: 1.256 Thread 0x00000000198dd800  240       4       java.util.AbstractCollection::toArray (147 bytes)
Event: 1.256 Thread 0x00000000198da800 nmethod 239 0x0000000002c0ea50 code [0x0000000002c0ebc0, 0x0000000002c0eed8]
Event: 1.258 Thread 0x00000000198da800  241       4       gurobi.GRBVar::get (104 bytes)
Event: 1.263 Thread 0x00000000198ec000  242       1       java.lang.ref.Reference::get (5 bytes)
Event: 1.263 Thread 0x00000000198da800 nmethod 241 0x0000000002c103d0 code [0x0000000002c10540, 0x0000000002c10858]
Event: 1.263 Thread 0x00000000198ec000 nmethod 242 0x0000000002c10110 code [0x0000000002c10260, 0x0000000002c10370]

GC Heap History (2 events):
Event: 1.260 GC heap before
{Heap before GC invocations=1 (full 0):
 PSYoungGen      total 38400K, used 33280K [0x00000000d5f00000, 0x00000000d8980000, 0x0000000100000000)
  eden space 33280K, 100% used [0x00000000d5f00000,0x00000000d7f80000,0x00000000d7f80000)
  from space 5120K, 0% used [0x00000000d8480000,0x00000000d8480000,0x00000000d8980000)
  to   space 5120K, 0% used [0x00000000d7f80000,0x00000000d7f80000,0x00000000d8480000)
 ParOldGen       total 87552K, used 0K [0x0000000081c00000, 0x0000000087180000, 0x00000000d5f00000)
  object space 87552K, 0% used [0x0000000081c00000,0x0000000081c00000,0x0000000087180000)
 Metaspace       used 3099K, capacity 4852K, committed 5120K, reserved 1056768K
  class space    used 319K, capacity 420K, committed 512K, reserved 1048576K
Event: 1.263 GC heap after
Heap after GC invocations=1 (full 0):
 PSYoungGen      total 38400K, used 2862K [0x00000000d5f00000, 0x00000000d8980000, 0x0000000100000000)
  eden space 33280K, 0% used [0x00000000d5f00000,0x00000000d5f00000,0x00000000d7f80000)
  from space 5120K, 55% used [0x00000000d7f80000,0x00000000d824b980,0x00000000d8480000)
  to   space 5120K, 0% used [0x00000000d8480000,0x00000000d8480000,0x00000000d8980000)
 ParOldGen       total 87552K, used 8K [0x0000000081c00000, 0x0000000087180000, 0x00000000d5f00000)
  object space 87552K, 0% used [0x0000000081c00000,0x0000000081c02000,0x0000000087180000)
 Metaspace       used 3099K, capacity 4852K, committed 5120K, reserved 1056768K
  class space    used 319K, capacity 420K, committed 512K, reserved 1048576K
}

Deoptimization events (6 events):
Event: 0.301 Thread 0x000000000105e800 Uncommon trap: reason=unstable_if action=reinterpret pc=0x0000000002b92ea0 method=gurobi.GRBModel.update()V @ 1129
Event: 1.247 Thread 0x000000000105e800 Uncommon trap: reason=predicate action=maybe_recompile pc=0x0000000002c0f5dc method=java.util.AbstractCollection.toArray([Ljava/lang/Object;)[Ljava/lang/Object; @ 49
Event: 1.256 Thread 0x000000000105e800 Uncommon trap: reason=array_check action=maybe_recompile pc=0x0000000002c14ca0 method=java.util.AbstractCollection.toArray([Ljava/lang/Object;)[Ljava/lang/Object; @ 119
Event: 1.256 Thread 0x000000000105e800 Uncommon trap: reason=array_check action=maybe_recompile pc=0x0000000002c14ca0 method=java.util.AbstractCollection.toArray([Ljava/lang/Object;)[Ljava/lang/Object; @ 119
Event: 1.256 Thread 0x000000000105e800 Uncommon trap: reason=array_check action=maybe_recompile pc=0x0000000002c14ca0 method=java.util.AbstractCollection.toArray([Ljava/lang/Object;)[Ljava/lang/Object; @ 119
Event: 1.256 Thread 0x000000000105e800 Uncommon trap: reason=array_check action=maybe_recompile pc=0x0000000002c14ca0 method=java.util.AbstractCollection.toArray([Ljava/lang/Object;)[Ljava/lang/Object; @ 119

Classes redefined (0 events):
No events

Internal exceptions (2 events):
Event: 0.032 Thread 0x000000000105e800 Exception <a 'java/lang/NoSuchMethodError': Method sun.misc.Unsafe.defineClass(Ljava/lang/String;[BII)Ljava/lang/Class; name or signature does not match> (0x00000000d5f07cb0) thrown at [C:\re\workspace\8-2-build-windows-amd64-cygwin\jdk8u191\11896\hotspot
Event: 0.032 Thread 0x000000000105e800 Exception <a 'java/lang/NoSuchMethodError': Method sun.misc.Unsafe.prefetchRead(Ljava/lang/Object;J)V name or signature does not match> (0x00000000d5f07f98) thrown at [C:\re\workspace\8-2-build-windows-amd64-cygwin\jdk8u191\11896\hotspot\src\share\vm\prim

Events (10 events):
Event: 1.256 Thread 0x000000000105e800 DEOPT PACKING pc=0x0000000002c14ca0 sp=0x000000000293f1d0
Event: 1.256 Thread 0x000000000105e800 DEOPT UNPACKING pc=0x0000000002a8583b sp=0x000000000293f178 mode 2
Event: 1.256 Thread 0x000000000105e800 Uncommon trap: trap_request=0xffffffd6 fr.pc=0x0000000002c14ca0
Event: 1.256 Thread 0x000000000105e800 DEOPT PACKING pc=0x0000000002c14ca0 sp=0x000000000293f1d0
Event: 1.256 Thread 0x000000000105e800 DEOPT UNPACKING pc=0x0000000002a8583b sp=0x000000000293f178 mode 2
Event: 1.256 Thread 0x000000000105e800 Uncommon trap: trap_request=0xffffffd6 fr.pc=0x0000000002c14ca0
Event: 1.256 Thread 0x000000000105e800 DEOPT PACKING pc=0x0000000002c14ca0 sp=0x000000000293f1d0
Event: 1.256 Thread 0x000000000105e800 DEOPT UNPACKING pc=0x0000000002a8583b sp=0x000000000293f178 mode 2
Event: 1.260 Executing VM operation: ParallelGCFailedAllocation
Event: 1.263 Executing VM operation: ParallelGCFailedAllocation done


Dynamic libraries:
0x00007ff7cdd60000 - 0x00007ff7cdd97000 	C:\Program Files\Java\jre1.8.0_191\bin\javaw.exe
0x00007fff67e70000 - 0x00007fff6805d000 	C:\WINDOWS\SYSTEM32\ntdll.dll
0x00007fff67760000 - 0x00007fff67813000 	C:\WINDOWS\System32\KERNEL32.DLL
0x00007fff63f40000 - 0x00007fff641d3000 	C:\WINDOWS\System32\KERNELBASE.dll
0x00007fff657f0000 - 0x00007fff65893000 	C:\WINDOWS\System32\ADVAPI32.dll
0x00007fff67d00000 - 0x00007fff67d9e000 	C:\WINDOWS\System32\msvcrt.dll
0x00007fff650a0000 - 0x00007fff6513e000 	C:\WINDOWS\System32\sechost.dll
0x00007fff67b50000 - 0x00007fff67c73000 	C:\WINDOWS\System32\RPCRT4.dll
0x00007fff65150000 - 0x00007fff652e7000 	C:\WINDOWS\System32\USER32.dll
0x00007fff64910000 - 0x00007fff64930000 	C:\WINDOWS\System32\win32u.dll
0x00007fff67da0000 - 0x00007fff67dc9000 	C:\WINDOWS\System32\GDI32.dll
0x00007fff64470000 - 0x00007fff6460a000 	C:\WINDOWS\System32\gdi32full.dll
0x00007fff64610000 - 0x00007fff646b0000 	C:\WINDOWS\System32\msvcp_win.dll
0x00007fff64760000 - 0x00007fff6485c000 	C:\WINDOWS\System32\ucrtbase.dll
0x00007fff53530000 - 0x00007fff537a9000 	C:\WINDOWS\WinSxS\amd64_microsoft.windows.common-controls_6595b64144ccf1df_6.0.17763.168_none_05b737f6071d80ab\COMCTL32.dll
0x00007fff65310000 - 0x00007fff6563d000 	C:\WINDOWS\System32\combase.dll
0x00007fff646e0000 - 0x00007fff6475e000 	C:\WINDOWS\System32\bcryptPrimitives.dll
0x00007fff67b20000 - 0x00007fff67b4e000 	C:\WINDOWS\System32\IMM32.DLL
0x0000000052440000 - 0x0000000052512000 	C:\Program Files\Java\jre1.8.0_191\bin\msvcr100.dll
0x0000000052820000 - 0x00000000530c4000 	C:\Program Files\Java\jre1.8.0_191\bin\server\jvm.dll
0x00007fff67e30000 - 0x00007fff67e38000 	C:\WINDOWS\System32\PSAPI.DLL
0x00007fff3e480000 - 0x00007fff3e489000 	C:\WINDOWS\SYSTEM32\WSOCK32.dll
0x00007fff607b0000 - 0x00007fff607d4000 	C:\WINDOWS\SYSTEM32\WINMM.dll
0x00007fff5f750000 - 0x00007fff5f75a000 	C:\WINDOWS\SYSTEM32\VERSION.dll
0x00007fff67980000 - 0x00007fff679ed000 	C:\WINDOWS\System32\WS2_32.dll
0x00007fff606d0000 - 0x00007fff606fd000 	C:\WINDOWS\SYSTEM32\WINMMBASE.dll
0x00007fff643c0000 - 0x00007fff6440a000 	C:\WINDOWS\System32\cfgmgr32.dll
0x0000000052730000 - 0x000000005273f000 	C:\Program Files\Java\jre1.8.0_191\bin\verify.dll
0x0000000052700000 - 0x0000000052729000 	C:\Program Files\Java\jre1.8.0_191\bin\java.dll
0x00000000526e0000 - 0x00000000526f6000 	C:\Program Files\Java\jre1.8.0_191\bin\zip.dll
0x00007fff658a0000 - 0x00007fff66d8f000 	C:\WINDOWS\System32\SHELL32.dll
0x00007fff66df0000 - 0x00007fff66e98000 	C:\WINDOWS\System32\shcore.dll
0x00007fff64930000 - 0x00007fff6507a000 	C:\WINDOWS\System32\windows.storage.dll
0x00007fff63eb0000 - 0x00007fff63ed4000 	C:\WINDOWS\System32\profapi.dll
0x00007fff63ee0000 - 0x00007fff63f3d000 	C:\WINDOWS\System32\powrprof.dll
0x00007fff66d90000 - 0x00007fff66de2000 	C:\WINDOWS\System32\shlwapi.dll
0x00007fff63e90000 - 0x00007fff63ea1000 	C:\WINDOWS\System32\kernel.appcore.dll
0x00007fff65080000 - 0x00007fff65097000 	C:\WINDOWS\System32\cryptsp.dll
0x00007fff58a30000 - 0x00007fff58a56000 	C:\gurobi810\win64\bin\GurobiJni81.dll
0x00007ffeedba0000 - 0x00007ffeeec24000 	C:\gurobi810\win64\bin\gurobi81.dll
0x00007fff641e0000 - 0x00007fff643bb000 	C:\WINDOWS\System32\CRYPT32.dll
0x00007fff63e70000 - 0x00007fff63e82000 	C:\WINDOWS\System32\MSASN1.dll
0x00007fff67dd0000 - 0x00007fff67e30000 	C:\WINDOWS\System32\WLDAP32.dll
0x00007fff66ea0000 - 0x00007fff66ea8000 	C:\WINDOWS\System32\Normaliz.dll
0x00007fff63d70000 - 0x00007fff63d9f000 	C:\WINDOWS\SYSTEM32\SspiCli.dll
0x00007fff54990000 - 0x00007fff54b7d000 	C:\WINDOWS\SYSTEM32\dbghelp.dll

VM Arguments:
jvm_args: -Dfile.encoding=Cp1252 
java_command: Estructuras.Model
java_class_path (initial): C:\Program Files\Java\jre1.8.0_191\lib\resources.jar;C:\Program Files\Java\jre1.8.0_191\lib\rt.jar;C:\Program Files\Java\jre1.8.0_191\lib\jsse.jar;C:\Program Files\Java\jre1.8.0_191\lib\jce.jar;C:\Program Files\Java\jre1.8.0_191\lib\charsets.jar;C:\Program Files\Java\jre1.8.0_191\lib\jfr.jar;C:\Program Files\Java\jre1.8.0_191\lib\ext\access-bridge-64.jar;C:\Program Files\Java\jre1.8.0_191\lib\ext\cldrdata.jar;C:\Program Files\Java\jre1.8.0_191\lib\ext\dnsns.jar;C:\Program Files\Java\jre1.8.0_191\lib\ext\jaccess.jar;C:\Program Files\Java\jre1.8.0_191\lib\ext\jfxrt.jar;C:\Program Files\Java\jre1.8.0_191\lib\ext\localedata.jar;C:\Program Files\Java\jre1.8.0_191\lib\ext\nashorn.jar;C:\Program Files\Java\jre1.8.0_191\lib\ext\sunec.jar;C:\Program Files\Java\jre1.8.0_191\lib\ext\sunjce_provider.jar;C:\Program Files\Java\jre1.8.0_191\lib\ext\sunmscapi.jar;C:\Program Files\Java\jre1.8.0_191\lib\ext\sunpkcs11.jar;C:\Program Files\Java\jre1.8.0_191\lib\ext\zipfs.jar;C:\Users\Nicol\Google Drive\Universidad de los Andes\2018-20\Flujo en Redes\Proyecto\Proyecto 2\Proyecto2FlujoEnRedes\IntroducciónGurobi\bin;C:\gurobi810\win64\lib\gurobi.jar
Launcher Type: SUN_STANDARD

Environment Variables:
JAVA_HOME=C:\Program Files\Java\jdk1.8.0_152
CLASSPATH=C:\Program Files\Java\jdk1.8.0_152\lib\dt.jar;C:\Program Files\Java\jdk1.8.0_152\lib\tools.jar;
PATH=C:/Program Files/Java/jre1.8.0_191/bin/server;C:/Program Files/Java/jre1.8.0_191/bin;C:/Program Files/Java/jre1.8.0_191/lib/amd64;C:\gurobi810\win64\bin;C:\Program Files (x86)\Common Files\Oracle\Java\javapath;C:\Program Files (x86)\Common Files\Intel\Shared Libraries\redist\intel64\compiler;C:\ProgramData\Oracle\Java\javapath;C:\WINDOWS\system32;C:\WINDOWS;C:\WINDOWS\System32\Wbem;C:\WINDOWS\System32\WindowsPowerShell\v1.0\;C:\Program Files (x86)\NVIDIA Corporation\PhysX\Common;C:\Program Files\Java\jdk1.8.0_152\bin;C:\Program Files\Java\jre1.8.0_152\bin;C:\Program Files\Git\cmd;C:\WINDOWS\system32;C:\WINDOWS;C:\WINDOWS\System32\Wbem;C:\WINDOWS\System32\WindowsPowerShell\v1.0\;C:\WINDOWS\System32\OpenSSH\;;C:\Program Files (x86)\Bitvise SSH Client;C:\Program Files\NVIDIA Corporation\NVIDIA NvDLISR;C:\Users\Nicol\AppData\Local\Microsoft\WindowsApps;C:\Users\Nicol\AppData\Local\atom\bin;%USERPROFILE%\AppData\Local\Microsoft\WindowsApps;;C:\Users\Nicol\Desktop;
USERNAME=Nicol
OS=Windows_NT
PROCESSOR_IDENTIFIER=Intel64 Family 6 Model 60 Stepping 3, GenuineIntel



---------------  S Y S T E M  ---------------

OS: Windows 10.0 , 64 bit Build 17763 (10.0.17763.1)

CPU:total 8 (initial active 8) (4 cores per cpu, 2 threads per core) family 6 model 60 stepping 3, cmov, cx8, fxsr, mmx, sse, sse2, sse3, ssse3, sse4.1, sse4.2, popcnt, avx, avx2, aes, clmul, erms, lzcnt, ht, tsc, tscinvbit, bmi1, bmi2

Memory: 4k page, physical 8268724k(2867968k free), swap 9776052k(2542824k free)

vm_info: Java HotSpot(TM) 64-Bit Server VM (25.191-b12) for windows-amd64 JRE (1.8.0_191-b12), built on Oct  6 2018 09:29:03 by "java_re" with MS VC++ 10.0 (VS2010)

time: Mon Dec 10 10:18:10 2018
elapsed time: 1 seconds (0d 0h 0m 1s)

