#
# A fatal error has been detected by the Java Runtime Environment:
#
#  EXCEPTION_ACCESS_VIOLATION (0xc0000005) at pc=0x00007ffb8dc1ed3d, pid=11692, tid=0x00000000000043a8
#
# JRE version: Java(TM) SE Runtime Environment (8.0_161-b12) (build 1.8.0_161-b12)
# Java VM: Java HotSpot(TM) 64-Bit Server VM (25.161-b12 mixed mode windows-amd64 compressed oops)
# Problematic frame:
# C  [gurobi80.dll+0x5bed3d]
#
# Failed to write core dump. Minidumps are not enabled by default on client versions of Windows
#
# If you would like to submit a bug report, please visit:
#   http://bugreport.java.com/bugreport/crash.jsp
# The crash happened outside the Java Virtual Machine in native code.
# See problematic frame for where to report the bug.
#

---------------  T H R E A D  ---------------

Current thread (0x000000000330e000):  JavaThread "main" [_thread_in_native, id=17320, stack(0x0000000003050000,0x0000000003150000)]

siginfo: ExceptionCode=0xc0000005, reading address 0x0000000000000000

Registers:
RAX=0x0000000000000000, RBX=0x0000000000000000, RCX=0x00000000013cbe60, RDX=0x000000000314f200
RSP=0x000000000314f1e0, RBP=0x0000000000000000, RSI=0x0000000000000000, RDI=0x0000000000000000
R8 =0x000000000318fdc0, R9 =0x000000000314f200, R10=0x000000000318fdc0, R11=0x000000000314f180
R12=0x00000000013ebfb0, R13=0x00000000013ebfb0, R14=0x000000000318fdc0, R15=0x0000000000000000
RIP=0x00007ffb8dc1ed3d, EFLAGS=0x0000000000010206

Top of Stack: (sp=0x000000000314f1e0)
0x000000000314f1e0:   00454d414e524156 000000000314f240
0x000000000314f1f0:   000000000318fe40 00000000013ebfb0
0x000000000314f200:   00000000013e0058 00000000013ebfb0
0x000000000314f210:   000000000314f4f8 00007ffb8dc1ed45
0x000000000314f220:   0000000000000000 0000000003030000
0x000000000314f230:   00008f4b00000000 0000000003030000
0x000000000314f240:   000000000318fc60 000000000000000e
0x000000000314f250:   000000000318fc60 0000000003031140
0x000000000314f260:   0000000003030cc0 0000000000000011
0x000000000314f270:   0000000000000010 0000000000000019
0x000000000314f280:   0000000000000010 0000000000000010
0x000000000314f290:   0000000000000002 0000000000000000
0x000000000314f2a0:   0000000000000002 0000000000000001
0x000000000314f2b0:   0000000000000000 0000000000000000
0x000000000314f2c0:   0000000003300000 00007ffbdf87265b
0x000000000314f2d0:   0000000000000040 00007ffb00000000 

Instructions: (pc=0x00007ffb8dc1ed3d)
0x00007ffb8dc1ed1d:   02 00 00 41 5c c3 48 89 d1 48 8d 54 24 20 e8 6d
0x00007ffb8dc1ed2d:   26 a4 ff 49 8b 84 24 50 02 00 00 48 8d 54 24 20
0x00007ffb8dc1ed3d:   48 8b 08 e8 8b 39 a4 ff 48 81 c4 20 02 00 00 41
0x00007ffb8dc1ed4d:   5c c3 90 cc cc cc cc cc cc cc cc cc cc cc cc cc 


Register to memory mapping:

RAX=0x0000000000000000 is an unknown value
RBX=0x0000000000000000 is an unknown value
RCX=0x00000000013cbe60 is an unknown value
RDX=0x000000000314f200 is pointing into the stack for thread: 0x000000000330e000
RSP=0x000000000314f1e0 is pointing into the stack for thread: 0x000000000330e000
RBP=0x0000000000000000 is an unknown value
RSI=0x0000000000000000 is an unknown value
RDI=0x0000000000000000 is an unknown value
R8 =0x000000000318fdc0 is an unknown value
R9 =0x000000000314f200 is pointing into the stack for thread: 0x000000000330e000
R10=0x000000000318fdc0 is an unknown value
R11=0x000000000314f180 is pointing into the stack for thread: 0x000000000330e000
R12=0x00000000013ebfb0 is an unknown value
R13=0x00000000013ebfb0 is an unknown value
R14=0x000000000318fdc0 is an unknown value
R15=0x0000000000000000 is an unknown value


Stack: [0x0000000003050000,0x0000000003150000],  sp=0x000000000314f1e0,  free space=1020k
Native frames: (J=compiled Java code, j=interpreted, Vv=VM code, C=native code)

Java frames: (J=compiled Java code, j=interpreted, Vv=VM code)
J 150  gurobi.GurobiJni.getdblattrlist(JLjava/lang/String;II[I[D)I (0 bytes) @ 0x0000000003470014 [0x000000000346ff80+0x94]
J 168 C2 gurobi.GRBVar.get(Lgurobi/GRB$DoubleAttr;)D (104 bytes) @ 0x0000000003479fdc [0x0000000003479e40+0x19c]
J 169% C1 Estructuras.Model.main([Ljava/lang/String;)V (861 bytes) @ 0x000000000348ff8c [0x0000000003487360+0x8c2c]
v  ~StubRoutines::call_stub

---------------  P R O C E S S  ---------------

Java Threads: ( => current thread )
  0x000000001b94d000 JavaThread "Service Thread" daemon [_thread_blocked, id=11020, stack(0x000000001bd10000,0x000000001be10000)]
  0x0000000019fab800 JavaThread "C1 CompilerThread2" daemon [_thread_blocked, id=17868, stack(0x000000001b810000,0x000000001b910000)]
  0x0000000019fa6000 JavaThread "C2 CompilerThread1" daemon [_thread_blocked, id=15460, stack(0x000000001b710000,0x000000001b810000)]
  0x0000000019f9f800 JavaThread "C2 CompilerThread0" daemon [_thread_blocked, id=6544, stack(0x000000001b610000,0x000000001b710000)]
  0x0000000019f9b800 JavaThread "Attach Listener" daemon [_thread_blocked, id=16184, stack(0x000000001b510000,0x000000001b610000)]
  0x0000000019f9a000 JavaThread "Signal Dispatcher" daemon [_thread_blocked, id=12848, stack(0x000000001b410000,0x000000001b510000)]
  0x000000000327c000 JavaThread "Finalizer" daemon [_thread_blocked, id=12264, stack(0x000000001b200000,0x000000001b300000)]
  0x0000000003271000 JavaThread "Reference Handler" daemon [_thread_blocked, id=16608, stack(0x000000001b100000,0x000000001b200000)]
=>0x000000000330e000 JavaThread "main" [_thread_in_native, id=17320, stack(0x0000000003050000,0x0000000003150000)]

Other Threads:
  0x0000000019f67800 VMThread [stack: 0x000000001b000000,0x000000001b100000] [id=11112]
  0x000000001b94d800 WatcherThread [stack: 0x000000001bf70000,0x000000001c070000] [id=9412]

VM state:not at safepoint (normal execution)

VM Mutex/Monitor currently owned by a thread: None

Heap:
 PSYoungGen      total 54784K, used 2875K [0x0000000782d00000, 0x0000000786a00000, 0x00000007c0000000)
  eden space 47104K, 3% used [0x0000000782d00000,0x0000000782ed4b70,0x0000000785b00000)
  from space 7680K, 13% used [0x0000000785b00000,0x0000000785bfa1b8,0x0000000786280000)
  to   space 7680K, 0% used [0x0000000786280000,0x0000000786280000,0x0000000786a00000)
 ParOldGen       total 125952K, used 8K [0x0000000708600000, 0x0000000710100000, 0x0000000782d00000)
  object space 125952K, 0% used [0x0000000708600000,0x0000000708602000,0x0000000710100000)
 Metaspace       used 3271K, capacity 4852K, committed 5120K, reserved 1056768K
  class space    used 347K, capacity 420K, committed 512K, reserved 1048576K

Card table byte_map: [0x00000000126d0000,0x0000000012c90000] byte_map_base: 0x000000000ee8d000

Marking Bits: (ParMarkBitMap*) 0x000000006baef860
 Begin Bits: [0x0000000013470000, 0x0000000016258000)
 End Bits:   [0x0000000016258000, 0x0000000019040000)

Polling page: 0x0000000001370000

CodeCache: size=245760Kb used=1676Kb max_used=1676Kb free=244083Kb
 bounds [0x0000000003310000, 0x0000000003580000, 0x0000000012310000]
 total_blobs=462 nmethods=171 adapters=205
 compilation: enabled

Compilation events (10 events):
Event: 5.260 Thread 0x0000000019fa6000 nmethod 166 0x000000000347bd10 code [0x000000000347be80, 0x000000000347c7d8]
Event: 5.288 Thread 0x0000000019f9f800 nmethod 158 0x0000000003482510 code [0x0000000003482760, 0x0000000003484678]
Event: 5.332 Thread 0x0000000019fa6000  167       4       gurobi.GRBVar::get (105 bytes)
Event: 5.339 Thread 0x0000000019fa6000 nmethod 167 0x0000000003477f10 code [0x0000000003478080, 0x0000000003478398]
Event: 5.363 Thread 0x0000000019f9f800  168       4       gurobi.GRBVar::get (104 bytes)
Event: 5.370 Thread 0x0000000019f9f800 nmethod 168 0x0000000003479cd0 code [0x0000000003479e40, 0x000000000347a138]
Event: 5.728 Thread 0x0000000019fab800  169 % !   3       Estructuras.Model::main @ 691 (861 bytes)
Event: 5.768 Thread 0x0000000019fab800 nmethod 169% 0x00000000034862d0 code [0x0000000003487360, 0x0000000003493168]
Event: 5.773 Thread 0x0000000019fab800  170   !   3       Estructuras.Model::main (861 bytes)
Event: 5.806 Thread 0x0000000019fab800 nmethod 170 0x00000000034a0f10 code [0x00000000034a1fa0, 0x00000000034add08]

GC Heap History (2 events):
Event: 5.843 GC heap before
{Heap before GC invocations=1 (full 0):
 PSYoungGen      total 54784K, used 47104K [0x0000000782d00000, 0x0000000786a00000, 0x00000007c0000000)
  eden space 47104K, 100% used [0x0000000782d00000,0x0000000785b00000,0x0000000785b00000)
  from space 7680K, 0% used [0x0000000786280000,0x0000000786280000,0x0000000786a00000)
  to   space 7680K, 0% used [0x0000000785b00000,0x0000000785b00000,0x0000000786280000)
 ParOldGen       total 125952K, used 0K [0x0000000708600000, 0x0000000710100000, 0x0000000782d00000)
  object space 125952K, 0% used [0x0000000708600000,0x0000000708600000,0x0000000710100000)
 Metaspace       used 3269K, capacity 4852K, committed 5120K, reserved 1056768K
  class space    used 346K, capacity 420K, committed 512K, reserved 1048576K
Event: 5.847 GC heap after
Heap after GC invocations=1 (full 0):
 PSYoungGen      total 54784K, used 1000K [0x0000000782d00000, 0x0000000786a00000, 0x00000007c0000000)
  eden space 47104K, 0% used [0x0000000782d00000,0x0000000782d00000,0x0000000785b00000)
  from space 7680K, 13% used [0x0000000785b00000,0x0000000785bfa1b8,0x0000000786280000)
  to   space 7680K, 0% used [0x0000000786280000,0x0000000786280000,0x0000000786a00000)
 ParOldGen       total 125952K, used 8K [0x0000000708600000, 0x0000000710100000, 0x0000000782d00000)
  object space 125952K, 0% used [0x0000000708600000,0x0000000708602000,0x0000000710100000)
 Metaspace       used 3269K, capacity 4852K, committed 5120K, reserved 1056768K
  class space    used 346K, capacity 420K, committed 512K, reserved 1048576K
}

Deoptimization events (5 events):
Event: 5.187 Thread 0x000000000330e000 Uncommon trap: reason=predicate action=maybe_recompile pc=0x0000000003478bb8 method=java.util.AbstractCollection.toArray([Ljava/lang/Object;)[Ljava/lang/Object; @ 49
Event: 5.215 Thread 0x000000000330e000 Uncommon trap: reason=array_check action=maybe_recompile pc=0x000000000347a934 method=java.util.AbstractCollection.toArray([Ljava/lang/Object;)[Ljava/lang/Object; @ 119
Event: 5.215 Thread 0x000000000330e000 Uncommon trap: reason=array_check action=maybe_recompile pc=0x000000000347a934 method=java.util.AbstractCollection.toArray([Ljava/lang/Object;)[Ljava/lang/Object; @ 119
Event: 5.215 Thread 0x000000000330e000 Uncommon trap: reason=array_check action=maybe_recompile pc=0x000000000347a934 method=java.util.AbstractCollection.toArray([Ljava/lang/Object;)[Ljava/lang/Object; @ 119
Event: 5.215 Thread 0x000000000330e000 Uncommon trap: reason=array_check action=maybe_recompile pc=0x000000000347a934 method=java.util.AbstractCollection.toArray([Ljava/lang/Object;)[Ljava/lang/Object; @ 119

Classes redefined (0 events):
No events

Internal exceptions (3 events):
Event: 0.110 Thread 0x000000000330e000 Exception <a 'java/lang/NoSuchMethodError': Method sun.misc.Unsafe.defineClass(Ljava/lang/String;[BII)Ljava/lang/Class; name or signature does not match> (0x0000000782d07ca0) thrown at [C:\re\workspace\8-2-build-windows-amd64-cygwin\jdk8u161\10277\hotspot
Event: 0.111 Thread 0x000000000330e000 Exception <a 'java/lang/NoSuchMethodError': Method sun.misc.Unsafe.prefetchRead(Ljava/lang/Object;J)V name or signature does not match> (0x0000000782d07f88) thrown at [C:\re\workspace\8-2-build-windows-amd64-cygwin\jdk8u161\10277\hotspot\src\share\vm\prim
Event: 0.241 Thread 0x000000000330e000 Exception <a 'java/io/FileNotFoundException'> (0x0000000782d55850) thrown at [C:\re\workspace\8-2-build-windows-amd64-cygwin\jdk8u161\10277\hotspot\src\share\vm\prims\jni.cpp, line 709]

Events (10 events):
Event: 5.215 Thread 0x000000000330e000 Uncommon trap: trap_request=0xffffffd6 fr.pc=0x000000000347a934
Event: 5.215 Thread 0x000000000330e000 DEOPT PACKING pc=0x000000000347a934 sp=0x000000000314f640
Event: 5.215 Thread 0x000000000330e000 DEOPT UNPACKING pc=0x000000000335583b sp=0x000000000314f5d8 mode 2
Event: 5.215 Thread 0x000000000330e000 Uncommon trap: trap_request=0xffffffd6 fr.pc=0x000000000347a934
Event: 5.215 Thread 0x000000000330e000 DEOPT PACKING pc=0x000000000347a934 sp=0x000000000314f640
Event: 5.215 Thread 0x000000000330e000 DEOPT UNPACKING pc=0x000000000335583b sp=0x000000000314f5d8 mode 2
Event: 5.843 Executing VM operation: ParallelGCFailedAllocation
Event: 5.847 Executing VM operation: ParallelGCFailedAllocation done
Event: 5.848 loading class java/io/FileOutputStream$1
Event: 5.848 loading class java/io/FileOutputStream$1 done


Dynamic libraries:
0x00007ff6b8460000 - 0x00007ff6b8497000 	C:\Program Files\Java\jre1.8.0_161\bin\javaw.exe
0x00007ffbdf860000 - 0x00007ffbdfa41000 	C:\WINDOWS\SYSTEM32\ntdll.dll
0x00007ffbdd490000 - 0x00007ffbdd542000 	C:\WINDOWS\System32\KERNEL32.DLL
0x00007ffbdbc30000 - 0x00007ffbdbea3000 	C:\WINDOWS\System32\KERNELBASE.dll
0x00007ffbded90000 - 0x00007ffbdee31000 	C:\WINDOWS\System32\ADVAPI32.dll
0x00007ffbdecf0000 - 0x00007ffbded8e000 	C:\WINDOWS\System32\msvcrt.dll
0x00007ffbdcdb0000 - 0x00007ffbdce0b000 	C:\WINDOWS\System32\sechost.dll
0x00007ffbdefa0000 - 0x00007ffbdf0c4000 	C:\WINDOWS\System32\RPCRT4.dll
0x00007ffbdeb60000 - 0x00007ffbdecf0000 	C:\WINDOWS\System32\USER32.dll
0x00007ffbdccd0000 - 0x00007ffbdccf0000 	C:\WINDOWS\System32\win32u.dll
0x00007ffbdd6f0000 - 0x00007ffbdd718000 	C:\WINDOWS\System32\GDI32.dll
0x00007ffbdbeb0000 - 0x00007ffbdc042000 	C:\WINDOWS\System32\gdi32full.dll
0x00007ffbdcc30000 - 0x00007ffbdcccf000 	C:\WINDOWS\System32\msvcp_win.dll
0x00007ffbdc050000 - 0x00007ffbdc14a000 	C:\WINDOWS\System32\ucrtbase.dll
0x00007ffbd33f0000 - 0x00007ffbd3659000 	C:\WINDOWS\WinSxS\amd64_microsoft.windows.common-controls_6595b64144ccf1df_6.0.17134.407_none_fb449d63306391e9\COMCTL32.dll
0x00007ffbdf1c0000 - 0x00007ffbdf4e2000 	C:\WINDOWS\System32\combase.dll
0x00007ffbdc150000 - 0x00007ffbdc1ca000 	C:\WINDOWS\System32\bcryptPrimitives.dll
0x00007ffbdf680000 - 0x00007ffbdf6ad000 	C:\WINDOWS\System32\IMM32.DLL
0x000000006b030000 - 0x000000006b102000 	C:\Program Files\Java\jre1.8.0_161\bin\msvcr100.dll
0x000000006b2d0000 - 0x000000006bb6f000 	C:\Program Files\Java\jre1.8.0_161\bin\server\jvm.dll
0x00007ffbdd330000 - 0x00007ffbdd338000 	C:\WINDOWS\System32\PSAPI.DLL
0x00007ffbd8540000 - 0x00007ffbd8549000 	C:\WINDOWS\SYSTEM32\WSOCK32.dll
0x00007ffbd8a10000 - 0x00007ffbd8a33000 	C:\WINDOWS\SYSTEM32\WINMM.dll
0x00007ffbdd3c0000 - 0x00007ffbdd42c000 	C:\WINDOWS\System32\WS2_32.dll
0x00007ffbd71d0000 - 0x00007ffbd71da000 	C:\WINDOWS\SYSTEM32\VERSION.dll
0x00007ffbd89e0000 - 0x00007ffbd8a0a000 	C:\WINDOWS\SYSTEM32\WINMMBASE.dll
0x00007ffbdc1d0000 - 0x00007ffbdc219000 	C:\WINDOWS\System32\cfgmgr32.dll
0x000000006b1e0000 - 0x000000006b1ef000 	C:\Program Files\Java\jre1.8.0_161\bin\verify.dll
0x000000006b1b0000 - 0x000000006b1d9000 	C:\Program Files\Java\jre1.8.0_161\bin\java.dll
0x000000006b190000 - 0x000000006b1a6000 	C:\Program Files\Java\jre1.8.0_161\bin\zip.dll
0x00007ffbdd720000 - 0x00007ffbdeb5f000 	C:\WINDOWS\System32\SHELL32.dll
0x00007ffbdccf0000 - 0x00007ffbdcd99000 	C:\WINDOWS\System32\shcore.dll
0x00007ffbdc2d0000 - 0x00007ffbdc9dd000 	C:\WINDOWS\System32\windows.storage.dll
0x00007ffbdf620000 - 0x00007ffbdf671000 	C:\WINDOWS\System32\shlwapi.dll
0x00007ffbdbb80000 - 0x00007ffbdbb91000 	C:\WINDOWS\System32\kernel.appcore.dll
0x00007ffbdbba0000 - 0x00007ffbdbbbf000 	C:\WINDOWS\System32\profapi.dll
0x00007ffbdbbe0000 - 0x00007ffbdbc2c000 	C:\WINDOWS\System32\powrprof.dll
0x00007ffbdbb70000 - 0x00007ffbdbb7a000 	C:\WINDOWS\System32\FLTLIB.DLL
0x00007ffbd2910000 - 0x00007ffbd2936000 	C:\gurobi801\win64\bin\GurobiJni80.dll
0x00007ffb8d660000 - 0x00007ffb8e6c9000 	C:\gurobi801\win64\bin\gurobi80.dll
0x00007ffbdca40000 - 0x00007ffbdcc22000 	C:\WINDOWS\System32\CRYPT32.dll
0x00007ffbdbbc0000 - 0x00007ffbdbbd2000 	C:\WINDOWS\System32\MSASN1.dll
0x00007ffbdd430000 - 0x00007ffbdd48f000 	C:\WINDOWS\System32\WLDAP32.dll
0x00007ffbdcda0000 - 0x00007ffbdcda8000 	C:\WINDOWS\System32\Normaliz.dll
0x00007ffbdba70000 - 0x00007ffbdbaa0000 	C:\WINDOWS\SYSTEM32\SspiCli.dll
0x00007ffbcde70000 - 0x00007ffbce039000 	C:\WINDOWS\SYSTEM32\dbghelp.dll

VM Arguments:
jvm_args: -Dfile.encoding=Cp1252 
java_command: Estructuras.Model
java_class_path (initial): C:\Users\HP\Documents\Proyecto2FlujoEnRedes\IntroducciónGurobi\bin;C:\gurobi801\win64\lib\gurobi.jar
Launcher Type: SUN_STANDARD

Environment Variables:
CLASSPATH=C:\xpressmp\lib\xprm.jar;C:\xpressmp\lib\xprs.jar;C:\xpressmp\lib\xprb.jar
PATH=C:/Program Files/Java/jre1.8.0_161/bin/server;C:/Program Files/Java/jre1.8.0_161/bin;C:/Program Files/Java/jre1.8.0_161/lib/amd64;C:\gurobi801\win64\bin;C:\xpressmp\bin;C:\xpressmp\workbench;C:\ProgramData\Oracle\Java\javapath;C:\WINDOWS\system32;C:\WINDOWS;C:\WINDOWS\System32\Wbem;C:\WINDOWS\System32\WindowsPowerShell\v1.0\;C:\Program Files\MongoDB\Server\3.4\bin;C:\Program Files\Git\cmd;C:\Users\HP\AppData\Local\.meteor;C:\Program Files\PuTTY\;C:\WINDOWS\System32\OpenSSH\;C:\Program Files\Microsoft VS Code\bin;C:\Go\bin;C:\Program Files\nodejs\;C:\Users\HP\Downloads\cockroach-v2.1.1.windows-6.2-amd64;C:\MinGW\bin;C:\Users\HP\AppData\Local\Programs\Python\Python35\Scripts\;C:\Users\HP\AppData\Local\Programs\Python\Python35\;C:\Users\HP\AppData\Local\Microsoft\WindowsApps;C:\Users\HP\AppData\Local\atom\bin;C:\Program Files\Heroku\bin;C:\Users\HP\AppData\Local\.meteor\;C:\Users\HP\AppData\Local\Microsoft\WindowsApps;C:\Users\HP\AppData\Local\GitHubDesktop\bin;C:\Users\HP\go\bin;C:\Users\HP\AppData\Roaming\npm;C:\Users\HP\Downloads\cockroach-v2.1.1.windows-6.2-amd64;C:\MinGW\bin;;C:\WINDOWS\system32;
USERNAME=HP
OS=Windows_NT
PROCESSOR_IDENTIFIER=AMD64 Family 22 Model 0 Stepping 1, AuthenticAMD



---------------  S Y S T E M  ---------------

OS: Windows 10.0 , 64 bit Build 17134 (10.0.17134.1)

CPU:total 4 (initial active 4) (4 cores per cpu, 1 threads per core) family 22 model 0 stepping 1, cmov, cx8, fxsr, mmx, sse, sse2, sse3, ssse3, sse4.1, sse4.2, popcnt, avx, aes, clmul, mmxext, 3dnowpref, lzcnt, sse4a, tsc, tscinvbit, tscinv, bmi1

Memory: 4k page, physical 12027916k(5992516k free), swap 13862924k(3233668k free)

vm_info: Java HotSpot(TM) 64-Bit Server VM (25.161-b12) for windows-amd64 JRE (1.8.0_161-b12), built on Dec 19 2017 17:52:25 by "java_re" with MS VC++ 10.0 (VS2010)

time: Sun Dec 09 00:05:21 2018
elapsed time: 5 seconds (0d 0h 0m 5s)

